/*C2*/SET SCHEMA PUBLIC
INSERT INTO PLANTE VALUES(0,NULL,NULL,NULL,NULL,NULL,NULL,NULL,NULL,NULL,NULL,NULL,NULL,NULL)
COMMIT
INSERT INTO PLANTE VALUES(1,'','',NULL,NULL,NULL,'','',NULL,NULL,NULL,NULL,NULL,'')
COMMIT
INSERT INTO PLANTE VALUES(2,'','',NULL,NULL,NULL,'','',NULL,NULL,NULL,NULL,NULL,'')
COMMIT
INSERT INTO PLANTE VALUES(3,'','',NULL,NULL,NULL,'','',NULL,NULL,NULL,NULL,NULL,'')
COMMIT
INSERT INTO PLANTE VALUES(4,'','',NULL,NULL,NULL,'','',NULL,NULL,NULL,NULL,NULL,'')
COMMIT
INSERT INTO PLANTE VALUES(5,'','',NULL,NULL,NULL,'','',NULL,NULL,NULL,NULL,NULL,'')
COMMIT
INSERT INTO PLANTE VALUES(6,'','',NULL,NULL,NULL,'','',NULL,NULL,NULL,NULL,NULL,'')
COMMIT
INSERT INTO PLANTE VALUES(7,'','',NULL,NULL,NULL,'','',NULL,NULL,NULL,NULL,NULL,'')
COMMIT
DELETE FROM PLANTE WHERE ID=0
DELETE FROM PLANTE WHERE ID=1
DELETE FROM PLANTE WHERE ID=2
DELETE FROM PLANTE WHERE ID=3
DELETE FROM PLANTE WHERE ID=4
DELETE FROM PLANTE WHERE ID=5
DELETE FROM PLANTE WHERE ID=6
DELETE FROM PLANTE WHERE ID=7
COMMIT
INSERT INTO PLANTE VALUES(8,'','',NULL,NULL,NULL,'','',NULL,NULL,NULL,NULL,NULL,'')
COMMIT
INSERT INTO PLANTE VALUES(9,'','',NULL,NULL,NULL,'','',NULL,NULL,NULL,NULL,NULL,'')
COMMIT
INSERT INTO PLANTE VALUES(10,'','',NULL,NULL,NULL,'','',NULL,NULL,NULL,NULL,NULL,'')
COMMIT
